b0ce7564ba90b121aeb13aada73a6e30 asr_public_phone_calls_1.csv
6867d14dfdec1f9e9b8ca2f1de9ceda6 asr_public_phone_calls_2.csv
0bdd77e15172e654d9a1999a86e92c7f asr_public_stories_1.csv
f388013039d94dc36970547944db51c7 asr_public_stories_2.csv
3b67e27c1429593cccbf7c516c4b582d private_buriy_audiobooks_2.csv
04027c20eb3aff05f6067957ecff856b public_lecture_1.csv
89da3f1b6afcd4d4936662ceabf3033e public_series_1.csv
a81dfb018c88d0ecd5194ab3d8ff6c95 public_youtube700.csv
c858f020729c34ba0ab525bbb8950d0c ru_RU.csv
0275525914825dec663fd53390fdc9a0 russian_single.csv
52f406f4e30fcc8c634f992befd91beb tts_russian_addresses_rhvoice_4voices.csv
a6f888c53d7cbded85ab51627ef57c96 asr_public_phone_calls_1_mp3.tar.gz
f707e34f488c62af2e3142085ff595ad asr_public_phone_calls_2_mp3.tar.gz
baa491ed0b526b2a989b8c4a8897429d asr_public_stories_1_mp3.tar.gz
f24e21c69c03062d667caf0f055244f2 asr_public_stories_2_mp3.tar.gz
42b9c8c2e31100d6c5b972c9ac000167 private_buriy_audiobooks_2_mp3.tar.gz
7a5704721012fafa115e7316e5f6e058 public_lecture_1_mp3.tar.gz
16cf820330f9f8b388395d777b2331ac public_series_1_mp3.tar.gz
dd048e7110c0c852c353759dad8fec0f public_youtube700_mp3.tar.gz
579e9d98bd159a27d3573641edee69b0 ru_ru_mp3.tar.gz
177b041594684623ec7d038613e1330d russian_single_mp3.tar.gz
d7ce4c4116dcc655be2b466f82c98b6e tts_russian_addresses_rhvoice_4voices_mp3.tar.gz
25ea6d9e249a242ecc217acc28c8077b voxforge_ru_mp3.tar.gz
97cd6b56ba1eb5088bc5643dce054028 asr_calls_2_val_mp3.tar.gz
0cc0f50db85ec4271696b4eb03a2203c buriy_audiobooks_2_val_mp3.tar.gz
f5d2e3d13b47e1566ba0b021f00788cf public_youtube1120_hq_mp3.tar.gz
12eb78a9ab7c3d39bbe2842b8d6550ca public_youtube1120_mp3.tar.gz
f6b6034e1e91d9a0a5069fc9ad2ed545 public_youtube700_val_mp3.tar.gz
0cdbd085ffa6dab4bfdce7c3ed31fcfe asr_calls_2_val.csv
4e0b73e0d00374482a0f2286acf314a0 buriy_audiobooks_2_val.csv
6b9ce6828a55d2741d51bc3503345db5 public_youtube1120.csv
33040a25cad99e70a81e9e54ff8c758e public_youtube1120_hq.csv
525bd20802e529dcabf9e44345a50d0b public_youtube700_val.csv
2996fe938cdfb37dc6e359e4384c9bfe radio_2.csv
69a465e218fc1f597f7b5da836952d9d radio_2_mp3.tar.gz












